2023-09-21 16:23:19,723 -- INFO: Logger ready.
2023-09-21 16:23:24,537 -- DEBUG: Loaded backend tkagg version 8.6.
2023-09-21 16:23:24,598 -- DEBUG: STREAM b'IHDR' 16 13
2023-09-21 16:23:24,598 -- DEBUG: STREAM b'sBIT' 41 4
2023-09-21 16:23:24,598 -- DEBUG: b'sBIT' 41 4 (unknown)
2023-09-21 16:23:24,598 -- DEBUG: STREAM b'pHYs' 57 9
2023-09-21 16:23:24,598 -- DEBUG: STREAM b'IDAT' 78 1189
2023-09-21 16:23:24,599 -- DEBUG: STREAM b'IHDR' 16 13
2023-09-21 16:23:24,599 -- DEBUG: STREAM b'sBIT' 41 4
2023-09-21 16:23:24,599 -- DEBUG: b'sBIT' 41 4 (unknown)
2023-09-21 16:23:24,599 -- DEBUG: STREAM b'pHYs' 57 9
2023-09-21 16:23:24,599 -- DEBUG: STREAM b'IDAT' 78 2994
2023-09-21 16:23:24,784 -- DEBUG: STREAM b'IHDR' 16 13
2023-09-21 16:23:24,785 -- DEBUG: STREAM b'sBIT' 41 4
2023-09-21 16:23:24,785 -- DEBUG: b'sBIT' 41 4 (unknown)
2023-09-21 16:23:24,785 -- DEBUG: STREAM b'pHYs' 57 9
2023-09-21 16:23:24,785 -- DEBUG: STREAM b'IDAT' 78 374
2023-09-21 16:23:24,787 -- DEBUG: STREAM b'IHDR' 16 13
2023-09-21 16:23:24,787 -- DEBUG: STREAM b'sBIT' 41 4
2023-09-21 16:23:24,787 -- DEBUG: b'sBIT' 41 4 (unknown)
2023-09-21 16:23:24,787 -- DEBUG: STREAM b'pHYs' 57 9
2023-09-21 16:23:24,787 -- DEBUG: STREAM b'IDAT' 78 286
2023-09-21 16:23:24,789 -- DEBUG: STREAM b'IHDR' 16 13
2023-09-21 16:23:24,789 -- DEBUG: STREAM b'sBIT' 41 4
2023-09-21 16:23:24,789 -- DEBUG: b'sBIT' 41 4 (unknown)
2023-09-21 16:23:24,789 -- DEBUG: STREAM b'pHYs' 57 9
2023-09-21 16:23:24,789 -- DEBUG: STREAM b'IDAT' 78 263
2023-09-21 16:23:24,792 -- DEBUG: STREAM b'IHDR' 16 13
2023-09-21 16:23:24,792 -- DEBUG: STREAM b'sBIT' 41 4
2023-09-21 16:23:24,792 -- DEBUG: b'sBIT' 41 4 (unknown)
2023-09-21 16:23:24,792 -- DEBUG: STREAM b'pHYs' 57 9
2023-09-21 16:23:24,792 -- DEBUG: STREAM b'IDAT' 78 387
2023-09-21 16:23:24,793 -- DEBUG: STREAM b'IHDR' 16 13
2023-09-21 16:23:24,793 -- DEBUG: STREAM b'sBIT' 41 4
2023-09-21 16:23:24,793 -- DEBUG: b'sBIT' 41 4 (unknown)
2023-09-21 16:23:24,793 -- DEBUG: STREAM b'pHYs' 57 9
2023-09-21 16:23:24,793 -- DEBUG: STREAM b'IDAT' 78 436
2023-09-21 16:23:24,794 -- DEBUG: STREAM b'IHDR' 16 13
2023-09-21 16:23:24,794 -- DEBUG: STREAM b'sBIT' 41 4
2023-09-21 16:23:24,794 -- DEBUG: b'sBIT' 41 4 (unknown)
2023-09-21 16:23:24,794 -- DEBUG: STREAM b'pHYs' 57 9
2023-09-21 16:23:24,794 -- DEBUG: STREAM b'IDAT' 78 351
2023-09-21 16:23:24,795 -- DEBUG: STREAM b'IHDR' 16 13
2023-09-21 16:23:24,795 -- DEBUG: STREAM b'sBIT' 41 4
2023-09-21 16:23:24,795 -- DEBUG: b'sBIT' 41 4 (unknown)
2023-09-21 16:23:24,796 -- DEBUG: STREAM b'pHYs' 57 9
2023-09-21 16:23:24,796 -- DEBUG: STREAM b'IDAT' 78 364
2023-09-21 16:23:24,798 -- DEBUG: findfont: Matching sans\-serif:style=normal:variant=normal:weight=normal:stretch=normal:size=10.0.
2023-09-21 16:23:24,798 -- DEBUG: findfont: score(FontEntry(fname='/usr/local/lib/python3.9/dist-packages/matplotlib/mpl-data/fonts/ttf/STIXNonUniIta.ttf', name='STIXNonUnicode', style='italic', variant='normal', weight=400, stretch='normal', size='scalable')) = 11.05
2023-09-21 16:23:24,798 -- DEBUG: findfont: score(FontEntry(fname='/usr/local/lib/python3.9/dist-packages/matplotlib/mpl-data/fonts/ttf/cmex10.ttf', name='cmex10', style='normal', variant='normal', weight=400, stretch='normal', size='scalable')) = 10.05
2023-09-21 16:23:24,799 -- DEBUG: findfont: score(FontEntry(fname='/usr/local/lib/python3.9/dist-packages/matplotlib/mpl-data/fonts/ttf/STIXSizOneSymReg.ttf', name='STIXSizeOneSym', style='normal', variant='normal', weight=400, stretch='normal', size='scalable')) = 10.05
2023-09-21 16:23:24,799 -- DEBUG: findfont: score(FontEntry(fname='/usr/local/lib/python3.9/dist-packages/matplotlib/mpl-data/fonts/ttf/DejaVuSans.ttf', name='DejaVu Sans', style='normal', variant='normal', weight=400, stretch='normal', size='scalable')) = 0.05
2023-09-21 16:23:24,799 -- DEBUG: findfont: score(FontEntry(fname='/usr/local/lib/python3.9/dist-packages/matplotlib/mpl-data/fonts/ttf/DejaVuSansMono-Bold.ttf', name='DejaVu Sans Mono', style='normal', variant='normal', weight=700, stretch='normal', size='scalable')) = 10.335
2023-09-21 16:23:24,799 -- DEBUG: findfont: score(FontEntry(fname='/usr/local/lib/python3.9/dist-packages/matplotlib/mpl-data/fonts/ttf/STIXGeneralBolIta.ttf', name='STIXGeneral', style='italic', variant='normal', weight=700, stretch='normal', size='scalable')) = 11.335
2023-09-21 16:23:24,799 -- DEBUG: findfont: score(FontEntry(fname='/usr/local/lib/python3.9/dist-packages/matplotlib/mpl-data/fonts/ttf/DejaVuSansDisplay.ttf', name='DejaVu Sans Display', style='normal', variant='normal', weight=400, stretch='normal', size='scalable')) = 10.05
2023-09-21 16:23:24,799 -- DEBUG: findfont: score(FontEntry(fname='/usr/local/lib/python3.9/dist-packages/matplotlib/mpl-data/fonts/ttf/cmb10.ttf', name='cmb10', style='normal', variant='normal', weight=400, stretch='normal', size='scalable')) = 10.05
2023-09-21 16:23:24,799 -- DEBUG: findfont: score(FontEntry(fname='/usr/local/lib/python3.9/dist-packages/matplotlib/mpl-data/fonts/ttf/STIXSizFourSymBol.ttf', name='STIXSizeFourSym', style='normal', variant='normal', weight=700, stretch='normal', size='scalable')) = 10.335
2023-09-21 16:23:24,799 -- DEBUG: findfont: score(FontEntry(fname='/usr/local/lib/python3.9/dist-packages/matplotlib/mpl-data/fonts/ttf/STIXSizFourSymReg.ttf', name='STIXSizeFourSym', style='normal', variant='normal', weight=400, stretch='normal', size='scalable')) = 10.05
2023-09-21 16:23:24,799 -- DEBUG: findfont: score(FontEntry(fname='/usr/local/lib/python3.9/dist-packages/matplotlib/mpl-data/fonts/ttf/DejaVuSans-Bold.ttf', name='DejaVu Sans', style='normal', variant='normal', weight=700, stretch='normal', size='scalable')) = 0.33499999999999996
2023-09-21 16:23:24,799 -- DEBUG: findfont: score(FontEntry(fname='/usr/local/lib/python3.9/dist-packages/matplotlib/mpl-data/fonts/ttf/DejaVuSerifDisplay.ttf', name='DejaVu Serif Display', style='normal', variant='normal', weight=400, stretch='normal', size='scalable')) = 10.05
2023-09-21 16:23:24,799 -- DEBUG: findfont: score(FontEntry(fname='/usr/local/lib/python3.9/dist-packages/matplotlib/mpl-data/fonts/ttf/cmtt10.ttf', name='cmtt10', style='normal', variant='normal', weight=400, stretch='normal', size='scalable')) = 10.05
2023-09-21 16:23:24,799 -- DEBUG: findfont: score(FontEntry(fname='/usr/local/lib/python3.9/dist-packages/matplotlib/mpl-data/fonts/ttf/DejaVuSerif.ttf', name='DejaVu Serif', style='normal', variant='normal', weight=400, stretch='normal', size='scalable')) = 10.05
2023-09-21 16:23:24,799 -- DEBUG: findfont: score(FontEntry(fname='/usr/local/lib/python3.9/dist-packages/matplotlib/mpl-data/fonts/ttf/STIXSizThreeSymBol.ttf', name='STIXSizeThreeSym', style='normal', variant='normal', weight=700, stretch='normal', size='scalable')) = 10.335
2023-09-21 16:23:24,799 -- DEBUG: findfont: score(FontEntry(fname='/usr/local/lib/python3.9/dist-packages/matplotlib/mpl-data/fonts/ttf/STIXNonUni.ttf', name='STIXNonUnicode', style='normal', variant='normal', weight=400, stretch='normal', size='scalable')) = 10.05
2023-09-21 16:23:24,799 -- DEBUG: findfont: score(FontEntry(fname='/usr/local/lib/python3.9/dist-packages/matplotlib/mpl-data/fonts/ttf/STIXSizFiveSymReg.ttf', name='STIXSizeFiveSym', style='normal', variant='normal', weight=400, stretch='normal', size='scalable')) = 10.05
2023-09-21 16:23:24,799 -- DEBUG: findfont: score(FontEntry(fname='/usr/local/lib/python3.9/dist-packages/matplotlib/mpl-data/fonts/ttf/DejaVuSans-Oblique.ttf', name='DejaVu Sans', style='oblique', variant='normal', weight=400, stretch='normal', size='scalable')) = 1.05
2023-09-21 16:23:24,799 -- DEBUG: findfont: score(FontEntry(fname='/usr/local/lib/python3.9/dist-packages/matplotlib/mpl-data/fonts/ttf/DejaVuSansMono-Oblique.ttf', name='DejaVu Sans Mono', style='oblique', variant='normal', weight=400, stretch='normal', size='scalable')) = 11.05
2023-09-21 16:23:24,799 -- DEBUG: findfont: score(FontEntry(fname='/usr/local/lib/python3.9/dist-packages/matplotlib/mpl-data/fonts/ttf/DejaVuSansMono.ttf', name='DejaVu Sans Mono', style='normal', variant='normal', weight=400, stretch='normal', size='scalable')) = 10.05
2023-09-21 16:23:24,799 -- DEBUG: findfont: score(FontEntry(fname='/usr/local/lib/python3.9/dist-packages/matplotlib/mpl-data/fonts/ttf/STIXSizThreeSymReg.ttf', name='STIXSizeThreeSym', style='normal', variant='normal', weight=400, stretch='normal', size='scalable')) = 10.05
2023-09-21 16:23:24,799 -- DEBUG: findfont: score(FontEntry(fname='/usr/local/lib/python3.9/dist-packages/matplotlib/mpl-data/fonts/ttf/DejaVuSansMono-BoldOblique.ttf', name='DejaVu Sans Mono', style='oblique', variant='normal', weight=700, stretch='normal', size='scalable')) = 11.335
2023-09-21 16:23:24,799 -- DEBUG: findfont: score(FontEntry(fname='/usr/local/lib/python3.9/dist-packages/matplotlib/mpl-data/fonts/ttf/cmss10.ttf', name='cmss10', style='normal', variant='normal', weight=400, stretch='normal', size='scalable')) = 10.05
2023-09-21 16:23:24,799 -- DEBUG: findfont: score(FontEntry(fname='/usr/local/lib/python3.9/dist-packages/matplotlib/mpl-data/fonts/ttf/STIXSizTwoSymBol.ttf', name='STIXSizeTwoSym', style='normal', variant='normal', weight=700, stretch='normal', size='scalable')) = 10.335
2023-09-21 16:23:24,799 -- DEBUG: findfont: score(FontEntry(fname='/usr/local/lib/python3.9/dist-packages/matplotlib/mpl-data/fonts/ttf/DejaVuSerif-Italic.ttf', name='DejaVu Serif', style='italic', variant='normal', weight=400, stretch='normal', size='scalable')) = 11.05
2023-09-21 16:23:24,799 -- DEBUG: findfont: score(FontEntry(fname='/usr/local/lib/python3.9/dist-packages/matplotlib/mpl-data/fonts/ttf/STIXGeneralItalic.ttf', name='STIXGeneral', style='italic', variant='normal', weight=400, stretch='normal', size='scalable')) = 11.05
2023-09-21 16:23:24,799 -- DEBUG: findfont: score(FontEntry(fname='/usr/local/lib/python3.9/dist-packages/matplotlib/mpl-data/fonts/ttf/DejaVuSerif-BoldItalic.ttf', name='DejaVu Serif', style='italic', variant='normal', weight=700, stretch='normal', size='scalable')) = 11.335
2023-09-21 16:23:24,799 -- DEBUG: findfont: score(FontEntry(fname='/usr/local/lib/python3.9/dist-packages/matplotlib/mpl-data/fonts/ttf/cmr10.ttf', name='cmr10', style='normal', variant='normal', weight=400, stretch='normal', size='scalable')) = 10.05
2023-09-21 16:23:24,799 -- DEBUG: findfont: score(FontEntry(fname='/usr/local/lib/python3.9/dist-packages/matplotlib/mpl-data/fonts/ttf/DejaVuSerif-Bold.ttf', name='DejaVu Serif', style='normal', variant='normal', weight=700, stretch='normal', size='scalable')) = 10.335
2023-09-21 16:23:24,799 -- DEBUG: findfont: score(FontEntry(fname='/usr/local/lib/python3.9/dist-packages/matplotlib/mpl-data/fonts/ttf/STIXNonUniBol.ttf', name='STIXNonUnicode', style='normal', variant='normal', weight=700, stretch='normal', size='scalable')) = 10.335
2023-09-21 16:23:24,799 -- DEBUG: findfont: score(FontEntry(fname='/usr/local/lib/python3.9/dist-packages/matplotlib/mpl-data/fonts/ttf/STIXGeneral.ttf', name='STIXGeneral', style='normal', variant='normal', weight=400, stretch='normal', size='scalable')) = 10.05
2023-09-21 16:23:24,799 -- DEBUG: findfont: score(FontEntry(fname='/usr/local/lib/python3.9/dist-packages/matplotlib/mpl-data/fonts/ttf/DejaVuSans-BoldOblique.ttf', name='DejaVu Sans', style='oblique', variant='normal', weight=700, stretch='normal', size='scalable')) = 1.335
2023-09-21 16:23:24,799 -- DEBUG: findfont: score(FontEntry(fname='/usr/local/lib/python3.9/dist-packages/matplotlib/mpl-data/fonts/ttf/STIXSizOneSymBol.ttf', name='STIXSizeOneSym', style='normal', variant='normal', weight=700, stretch='normal', size='scalable')) = 10.335
2023-09-21 16:23:24,799 -- DEBUG: findfont: score(FontEntry(fname='/usr/local/lib/python3.9/dist-packages/matplotlib/mpl-data/fonts/ttf/STIXSizTwoSymReg.ttf', name='STIXSizeTwoSym', style='normal', variant='normal', weight=400, stretch='normal', size='scalable')) = 10.05
2023-09-21 16:23:24,799 -- DEBUG: findfont: score(FontEntry(fname='/usr/local/lib/python3.9/dist-packages/matplotlib/mpl-data/fonts/ttf/STIXGeneralBol.ttf', name='STIXGeneral', style='normal', variant='normal', weight=700, stretch='normal', size='scalable')) = 10.335
2023-09-21 16:23:24,799 -- DEBUG: findfont: score(FontEntry(fname='/usr/local/lib/python3.9/dist-packages/matplotlib/mpl-data/fonts/ttf/STIXNonUniBolIta.ttf', name='STIXNonUnicode', style='italic', variant='normal', weight=700, stretch='normal', size='scalable')) = 11.335
2023-09-21 16:23:24,799 -- DEBUG: findfont: score(FontEntry(fname='/usr/local/lib/python3.9/dist-packages/matplotlib/mpl-data/fonts/ttf/cmmi10.ttf', name='cmmi10', style='normal', variant='normal', weight=400, stretch='normal', size='scalable')) = 10.05
2023-09-21 16:23:24,799 -- DEBUG: findfont: score(FontEntry(fname='/usr/local/lib/python3.9/dist-packages/matplotlib/mpl-data/fonts/ttf/cmsy10.ttf', name='cmsy10', style='normal', variant='normal', weight=400, stretch='normal', size='scalable')) = 10.05
2023-09-21 16:23:24,799 -- DEBUG: findfont: score(FontEntry(fname='/usr/share/fonts/truetype/dejavu/DejaVuSerif-Bold.ttf', name='DejaVu Serif', style='normal', variant='normal', weight=700, stretch='normal', size='scalable')) = 10.335
2023-09-21 16:23:24,799 -- DEBUG: findfont: score(FontEntry(fname='/usr/share/fonts/truetype/dejavu/DejaVuSans.ttf', name='DejaVu Sans', style='normal', variant='normal', weight=400, stretch='normal', size='scalable')) = 0.05
2023-09-21 16:23:24,799 -- DEBUG: findfont: score(FontEntry(fname='/usr/share/fonts/truetype/dejavu/DejaVuSansMono-Bold.ttf', name='DejaVu Sans Mono', style='normal', variant='normal', weight=700, stretch='normal', size='scalable')) = 10.335
2023-09-21 16:23:24,799 -- DEBUG: findfont: score(FontEntry(fname='/usr/share/fonts/truetype/dejavu/DejaVuSerif.ttf', name='DejaVu Serif', style='normal', variant='normal', weight=400, stretch='normal', size='scalable')) = 10.05
2023-09-21 16:23:24,799 -- DEBUG: findfont: score(FontEntry(fname='/usr/share/fonts/truetype/dejavu/DejaVuSans-Bold.ttf', name='DejaVu Sans', style='normal', variant='normal', weight=700, stretch='normal', size='scalable')) = 0.33499999999999996
2023-09-21 16:23:24,799 -- DEBUG: findfont: score(FontEntry(fname='/usr/share/fonts/truetype/dejavu/DejaVuSansMono.ttf', name='DejaVu Sans Mono', style='normal', variant='normal', weight=400, stretch='normal', size='scalable')) = 10.05
2023-09-21 16:23:24,799 -- DEBUG: findfont: Matching sans\-serif:style=normal:variant=normal:weight=normal:stretch=normal:size=10.0 to DejaVu Sans ('/usr/local/lib/python3.9/dist-packages/matplotlib/mpl-data/fonts/ttf/DejaVuSans.ttf') with score of 0.050000.
2023-09-21 16:23:24,936 -- DEBUG: findfont: Matching sans\-serif:style=normal:variant=normal:weight=normal:stretch=normal:size=12.0.
2023-09-21 16:23:24,936 -- DEBUG: findfont: score(FontEntry(fname='/usr/local/lib/python3.9/dist-packages/matplotlib/mpl-data/fonts/ttf/STIXNonUniIta.ttf', name='STIXNonUnicode', style='italic', variant='normal', weight=400, stretch='normal', size='scalable')) = 11.05
2023-09-21 16:23:24,936 -- DEBUG: findfont: score(FontEntry(fname='/usr/local/lib/python3.9/dist-packages/matplotlib/mpl-data/fonts/ttf/cmex10.ttf', name='cmex10', style='normal', variant='normal', weight=400, stretch='normal', size='scalable')) = 10.05
2023-09-21 16:23:24,936 -- DEBUG: findfont: score(FontEntry(fname='/usr/local/lib/python3.9/dist-packages/matplotlib/mpl-data/fonts/ttf/STIXSizOneSymReg.ttf', name='STIXSizeOneSym', style='normal', variant='normal', weight=400, stretch='normal', size='scalable')) = 10.05
2023-09-21 16:23:24,936 -- DEBUG: findfont: score(FontEntry(fname='/usr/local/lib/python3.9/dist-packages/matplotlib/mpl-data/fonts/ttf/DejaVuSans.ttf', name='DejaVu Sans', style='normal', variant='normal', weight=400, stretch='normal', size='scalable')) = 0.05
2023-09-21 16:23:24,936 -- DEBUG: findfont: score(FontEntry(fname='/usr/local/lib/python3.9/dist-packages/matplotlib/mpl-data/fonts/ttf/DejaVuSansMono-Bold.ttf', name='DejaVu Sans Mono', style='normal', variant='normal', weight=700, stretch='normal', size='scalable')) = 10.335
2023-09-21 16:23:24,936 -- DEBUG: findfont: score(FontEntry(fname='/usr/local/lib/python3.9/dist-packages/matplotlib/mpl-data/fonts/ttf/STIXGeneralBolIta.ttf', name='STIXGeneral', style='italic', variant='normal', weight=700, stretch='normal', size='scalable')) = 11.335
2023-09-21 16:23:24,936 -- DEBUG: findfont: score(FontEntry(fname='/usr/local/lib/python3.9/dist-packages/matplotlib/mpl-data/fonts/ttf/DejaVuSansDisplay.ttf', name='DejaVu Sans Display', style='normal', variant='normal', weight=400, stretch='normal', size='scalable')) = 10.05
2023-09-21 16:23:24,936 -- DEBUG: findfont: score(FontEntry(fname='/usr/local/lib/python3.9/dist-packages/matplotlib/mpl-data/fonts/ttf/cmb10.ttf', name='cmb10', style='normal', variant='normal', weight=400, stretch='normal', size='scalable')) = 10.05
2023-09-21 16:23:24,936 -- DEBUG: findfont: score(FontEntry(fname='/usr/local/lib/python3.9/dist-packages/matplotlib/mpl-data/fonts/ttf/STIXSizFourSymBol.ttf', name='STIXSizeFourSym', style='normal', variant='normal', weight=700, stretch='normal', size='scalable')) = 10.335
2023-09-21 16:23:24,936 -- DEBUG: findfont: score(FontEntry(fname='/usr/local/lib/python3.9/dist-packages/matplotlib/mpl-data/fonts/ttf/STIXSizFourSymReg.ttf', name='STIXSizeFourSym', style='normal', variant='normal', weight=400, stretch='normal', size='scalable')) = 10.05
2023-09-21 16:23:24,936 -- DEBUG: findfont: score(FontEntry(fname='/usr/local/lib/python3.9/dist-packages/matplotlib/mpl-data/fonts/ttf/DejaVuSans-Bold.ttf', name='DejaVu Sans', style='normal', variant='normal', weight=700, stretch='normal', size='scalable')) = 0.33499999999999996
2023-09-21 16:23:24,936 -- DEBUG: findfont: score(FontEntry(fname='/usr/local/lib/python3.9/dist-packages/matplotlib/mpl-data/fonts/ttf/DejaVuSerifDisplay.ttf', name='DejaVu Serif Display', style='normal', variant='normal', weight=400, stretch='normal', size='scalable')) = 10.05
2023-09-21 16:23:24,936 -- DEBUG: findfont: score(FontEntry(fname='/usr/local/lib/python3.9/dist-packages/matplotlib/mpl-data/fonts/ttf/cmtt10.ttf', name='cmtt10', style='normal', variant='normal', weight=400, stretch='normal', size='scalable')) = 10.05
2023-09-21 16:23:24,936 -- DEBUG: findfont: score(FontEntry(fname='/usr/local/lib/python3.9/dist-packages/matplotlib/mpl-data/fonts/ttf/DejaVuSerif.ttf', name='DejaVu Serif', style='normal', variant='normal', weight=400, stretch='normal', size='scalable')) = 10.05
2023-09-21 16:23:24,936 -- DEBUG: findfont: score(FontEntry(fname='/usr/local/lib/python3.9/dist-packages/matplotlib/mpl-data/fonts/ttf/STIXSizThreeSymBol.ttf', name='STIXSizeThreeSym', style='normal', variant='normal', weight=700, stretch='normal', size='scalable')) = 10.335
2023-09-21 16:23:24,936 -- DEBUG: findfont: score(FontEntry(fname='/usr/local/lib/python3.9/dist-packages/matplotlib/mpl-data/fonts/ttf/STIXNonUni.ttf', name='STIXNonUnicode', style='normal', variant='normal', weight=400, stretch='normal', size='scalable')) = 10.05
2023-09-21 16:23:24,936 -- DEBUG: findfont: score(FontEntry(fname='/usr/local/lib/python3.9/dist-packages/matplotlib/mpl-data/fonts/ttf/STIXSizFiveSymReg.ttf', name='STIXSizeFiveSym', style='normal', variant='normal', weight=400, stretch='normal', size='scalable')) = 10.05
2023-09-21 16:23:24,936 -- DEBUG: findfont: score(FontEntry(fname='/usr/local/lib/python3.9/dist-packages/matplotlib/mpl-data/fonts/ttf/DejaVuSans-Oblique.ttf', name='DejaVu Sans', style='oblique', variant='normal', weight=400, stretch='normal', size='scalable')) = 1.05
2023-09-21 16:23:24,936 -- DEBUG: findfont: score(FontEntry(fname='/usr/local/lib/python3.9/dist-packages/matplotlib/mpl-data/fonts/ttf/DejaVuSansMono-Oblique.ttf', name='DejaVu Sans Mono', style='oblique', variant='normal', weight=400, stretch='normal', size='scalable')) = 11.05
2023-09-21 16:23:24,936 -- DEBUG: findfont: score(FontEntry(fname='/usr/local/lib/python3.9/dist-packages/matplotlib/mpl-data/fonts/ttf/DejaVuSansMono.ttf', name='DejaVu Sans Mono', style='normal', variant='normal', weight=400, stretch='normal', size='scalable')) = 10.05
2023-09-21 16:23:24,936 -- DEBUG: findfont: score(FontEntry(fname='/usr/local/lib/python3.9/dist-packages/matplotlib/mpl-data/fonts/ttf/STIXSizThreeSymReg.ttf', name='STIXSizeThreeSym', style='normal', variant='normal', weight=400, stretch='normal', size='scalable')) = 10.05
2023-09-21 16:23:24,936 -- DEBUG: findfont: score(FontEntry(fname='/usr/local/lib/python3.9/dist-packages/matplotlib/mpl-data/fonts/ttf/DejaVuSansMono-BoldOblique.ttf', name='DejaVu Sans Mono', style='oblique', variant='normal', weight=700, stretch='normal', size='scalable')) = 11.335
2023-09-21 16:23:24,936 -- DEBUG: findfont: score(FontEntry(fname='/usr/local/lib/python3.9/dist-packages/matplotlib/mpl-data/fonts/ttf/cmss10.ttf', name='cmss10', style='normal', variant='normal', weight=400, stretch='normal', size='scalable')) = 10.05
2023-09-21 16:23:24,936 -- DEBUG: findfont: score(FontEntry(fname='/usr/local/lib/python3.9/dist-packages/matplotlib/mpl-data/fonts/ttf/STIXSizTwoSymBol.ttf', name='STIXSizeTwoSym', style='normal', variant='normal', weight=700, stretch='normal', size='scalable')) = 10.335
2023-09-21 16:23:24,936 -- DEBUG: findfont: score(FontEntry(fname='/usr/local/lib/python3.9/dist-packages/matplotlib/mpl-data/fonts/ttf/DejaVuSerif-Italic.ttf', name='DejaVu Serif', style='italic', variant='normal', weight=400, stretch='normal', size='scalable')) = 11.05
2023-09-21 16:23:24,936 -- DEBUG: findfont: score(FontEntry(fname='/usr/local/lib/python3.9/dist-packages/matplotlib/mpl-data/fonts/ttf/STIXGeneralItalic.ttf', name='STIXGeneral', style='italic', variant='normal', weight=400, stretch='normal', size='scalable')) = 11.05
2023-09-21 16:23:24,936 -- DEBUG: findfont: score(FontEntry(fname='/usr/local/lib/python3.9/dist-packages/matplotlib/mpl-data/fonts/ttf/DejaVuSerif-BoldItalic.ttf', name='DejaVu Serif', style='italic', variant='normal', weight=700, stretch='normal', size='scalable')) = 11.335
2023-09-21 16:23:24,936 -- DEBUG: findfont: score(FontEntry(fname='/usr/local/lib/python3.9/dist-packages/matplotlib/mpl-data/fonts/ttf/cmr10.ttf', name='cmr10', style='normal', variant='normal', weight=400, stretch='normal', size='scalable')) = 10.05
2023-09-21 16:23:24,937 -- DEBUG: findfont: score(FontEntry(fname='/usr/local/lib/python3.9/dist-packages/matplotlib/mpl-data/fonts/ttf/DejaVuSerif-Bold.ttf', name='DejaVu Serif', style='normal', variant='normal', weight=700, stretch='normal', size='scalable')) = 10.335
2023-09-21 16:23:24,937 -- DEBUG: findfont: score(FontEntry(fname='/usr/local/lib/python3.9/dist-packages/matplotlib/mpl-data/fonts/ttf/STIXNonUniBol.ttf', name='STIXNonUnicode', style='normal', variant='normal', weight=700, stretch='normal', size='scalable')) = 10.335
2023-09-21 16:23:24,937 -- DEBUG: findfont: score(FontEntry(fname='/usr/local/lib/python3.9/dist-packages/matplotlib/mpl-data/fonts/ttf/STIXGeneral.ttf', name='STIXGeneral', style='normal', variant='normal', weight=400, stretch='normal', size='scalable')) = 10.05
2023-09-21 16:23:24,937 -- DEBUG: findfont: score(FontEntry(fname='/usr/local/lib/python3.9/dist-packages/matplotlib/mpl-data/fonts/ttf/DejaVuSans-BoldOblique.ttf', name='DejaVu Sans', style='oblique', variant='normal', weight=700, stretch='normal', size='scalable')) = 1.335
2023-09-21 16:23:24,937 -- DEBUG: findfont: score(FontEntry(fname='/usr/local/lib/python3.9/dist-packages/matplotlib/mpl-data/fonts/ttf/STIXSizOneSymBol.ttf', name='STIXSizeOneSym', style='normal', variant='normal', weight=700, stretch='normal', size='scalable')) = 10.335
2023-09-21 16:23:24,937 -- DEBUG: findfont: score(FontEntry(fname='/usr/local/lib/python3.9/dist-packages/matplotlib/mpl-data/fonts/ttf/STIXSizTwoSymReg.ttf', name='STIXSizeTwoSym', style='normal', variant='normal', weight=400, stretch='normal', size='scalable')) = 10.05
2023-09-21 16:23:24,937 -- DEBUG: findfont: score(FontEntry(fname='/usr/local/lib/python3.9/dist-packages/matplotlib/mpl-data/fonts/ttf/STIXGeneralBol.ttf', name='STIXGeneral', style='normal', variant='normal', weight=700, stretch='normal', size='scalable')) = 10.335
2023-09-21 16:23:24,937 -- DEBUG: findfont: score(FontEntry(fname='/usr/local/lib/python3.9/dist-packages/matplotlib/mpl-data/fonts/ttf/STIXNonUniBolIta.ttf', name='STIXNonUnicode', style='italic', variant='normal', weight=700, stretch='normal', size='scalable')) = 11.335
2023-09-21 16:23:24,937 -- DEBUG: findfont: score(FontEntry(fname='/usr/local/lib/python3.9/dist-packages/matplotlib/mpl-data/fonts/ttf/cmmi10.ttf', name='cmmi10', style='normal', variant='normal', weight=400, stretch='normal', size='scalable')) = 10.05
2023-09-21 16:23:24,937 -- DEBUG: findfont: score(FontEntry(fname='/usr/local/lib/python3.9/dist-packages/matplotlib/mpl-data/fonts/ttf/cmsy10.ttf', name='cmsy10', style='normal', variant='normal', weight=400, stretch='normal', size='scalable')) = 10.05
2023-09-21 16:23:24,937 -- DEBUG: findfont: score(FontEntry(fname='/usr/share/fonts/truetype/dejavu/DejaVuSerif-Bold.ttf', name='DejaVu Serif', style='normal', variant='normal', weight=700, stretch='normal', size='scalable')) = 10.335
2023-09-21 16:23:24,937 -- DEBUG: findfont: score(FontEntry(fname='/usr/share/fonts/truetype/dejavu/DejaVuSans.ttf', name='DejaVu Sans', style='normal', variant='normal', weight=400, stretch='normal', size='scalable')) = 0.05
2023-09-21 16:23:24,937 -- DEBUG: findfont: score(FontEntry(fname='/usr/share/fonts/truetype/dejavu/DejaVuSansMono-Bold.ttf', name='DejaVu Sans Mono', style='normal', variant='normal', weight=700, stretch='normal', size='scalable')) = 10.335
2023-09-21 16:23:24,937 -- DEBUG: findfont: score(FontEntry(fname='/usr/share/fonts/truetype/dejavu/DejaVuSerif.ttf', name='DejaVu Serif', style='normal', variant='normal', weight=400, stretch='normal', size='scalable')) = 10.05
2023-09-21 16:23:24,937 -- DEBUG: findfont: score(FontEntry(fname='/usr/share/fonts/truetype/dejavu/DejaVuSans-Bold.ttf', name='DejaVu Sans', style='normal', variant='normal', weight=700, stretch='normal', size='scalable')) = 0.33499999999999996
2023-09-21 16:23:24,937 -- DEBUG: findfont: score(FontEntry(fname='/usr/share/fonts/truetype/dejavu/DejaVuSansMono.ttf', name='DejaVu Sans Mono', style='normal', variant='normal', weight=400, stretch='normal', size='scalable')) = 10.05
2023-09-21 16:23:24,937 -- DEBUG: findfont: Matching sans\-serif:style=normal:variant=normal:weight=normal:stretch=normal:size=12.0 to DejaVu Sans ('/usr/local/lib/python3.9/dist-packages/matplotlib/mpl-data/fonts/ttf/DejaVuSans.ttf') with score of 0.050000.
2023-09-21 16:23:30,918 -- DEBUG: STREAM b'IHDR' 16 13
2023-09-21 16:23:30,918 -- DEBUG: STREAM b'sBIT' 41 4
2023-09-21 16:23:30,918 -- DEBUG: b'sBIT' 41 4 (unknown)
2023-09-21 16:23:30,918 -- DEBUG: STREAM b'pHYs' 57 9
2023-09-21 16:23:30,918 -- DEBUG: STREAM b'IDAT' 78 1189
2023-09-21 16:23:30,919 -- DEBUG: STREAM b'IHDR' 16 13
2023-09-21 16:23:30,920 -- DEBUG: STREAM b'sBIT' 41 4
2023-09-21 16:23:30,920 -- DEBUG: b'sBIT' 41 4 (unknown)
2023-09-21 16:23:30,920 -- DEBUG: STREAM b'pHYs' 57 9
2023-09-21 16:23:30,920 -- DEBUG: STREAM b'IDAT' 78 2994
2023-09-21 16:23:31,118 -- DEBUG: STREAM b'IHDR' 16 13
2023-09-21 16:23:31,118 -- DEBUG: STREAM b'sBIT' 41 4
2023-09-21 16:23:31,118 -- DEBUG: b'sBIT' 41 4 (unknown)
2023-09-21 16:23:31,118 -- DEBUG: STREAM b'pHYs' 57 9
2023-09-21 16:23:31,118 -- DEBUG: STREAM b'IDAT' 78 374
2023-09-21 16:23:31,120 -- DEBUG: STREAM b'IHDR' 16 13
2023-09-21 16:23:31,120 -- DEBUG: STREAM b'sBIT' 41 4
2023-09-21 16:23:31,120 -- DEBUG: b'sBIT' 41 4 (unknown)
2023-09-21 16:23:31,120 -- DEBUG: STREAM b'pHYs' 57 9
2023-09-21 16:23:31,120 -- DEBUG: STREAM b'IDAT' 78 286
2023-09-21 16:23:31,121 -- DEBUG: STREAM b'IHDR' 16 13
2023-09-21 16:23:31,121 -- DEBUG: STREAM b'sBIT' 41 4
2023-09-21 16:23:31,121 -- DEBUG: b'sBIT' 41 4 (unknown)
2023-09-21 16:23:31,121 -- DEBUG: STREAM b'pHYs' 57 9
2023-09-21 16:23:31,121 -- DEBUG: STREAM b'IDAT' 78 263
2023-09-21 16:23:31,125 -- DEBUG: STREAM b'IHDR' 16 13
2023-09-21 16:23:31,125 -- DEBUG: STREAM b'sBIT' 41 4
2023-09-21 16:23:31,125 -- DEBUG: b'sBIT' 41 4 (unknown)
2023-09-21 16:23:31,125 -- DEBUG: STREAM b'pHYs' 57 9
2023-09-21 16:23:31,125 -- DEBUG: STREAM b'IDAT' 78 387
2023-09-21 16:23:31,126 -- DEBUG: STREAM b'IHDR' 16 13
2023-09-21 16:23:31,126 -- DEBUG: STREAM b'sBIT' 41 4
2023-09-21 16:23:31,126 -- DEBUG: b'sBIT' 41 4 (unknown)
2023-09-21 16:23:31,126 -- DEBUG: STREAM b'pHYs' 57 9
2023-09-21 16:23:31,126 -- DEBUG: STREAM b'IDAT' 78 436
2023-09-21 16:23:31,127 -- DEBUG: STREAM b'IHDR' 16 13
2023-09-21 16:23:31,127 -- DEBUG: STREAM b'sBIT' 41 4
2023-09-21 16:23:31,127 -- DEBUG: b'sBIT' 41 4 (unknown)
2023-09-21 16:23:31,127 -- DEBUG: STREAM b'pHYs' 57 9
2023-09-21 16:23:31,127 -- DEBUG: STREAM b'IDAT' 78 351
2023-09-21 16:23:31,128 -- DEBUG: STREAM b'IHDR' 16 13
2023-09-21 16:23:31,128 -- DEBUG: STREAM b'sBIT' 41 4
2023-09-21 16:23:31,129 -- DEBUG: b'sBIT' 41 4 (unknown)
2023-09-21 16:23:31,129 -- DEBUG: STREAM b'pHYs' 57 9
2023-09-21 16:23:31,129 -- DEBUG: STREAM b'IDAT' 78 364
